<?xml version="1.0" encoding="UTF-8"?>
<testng-results skipped="0" failed="0" ignored="0" total="1" passed="1">
  <reporter-output>
    <line>
      <![CDATA[CreateCustomer]]>
    </line>
  </reporter-output>
  <suite name="Default suite" duration-ms="124" started-at="2021-03-12T12:00:30Z" finished-at="2021-03-12T12:00:30Z">
    <groups>
    </groups>
    <test name="Default test" duration-ms="124" started-at="2021-03-12T12:00:30Z" finished-at="2021-03-12T12:00:30Z">
      <class name="com.actitime.test.CustomerModule">
        <test-method status="PASS" signature="testCreateCustomer()[pri:0, instance:com.actitime.test.CustomerModule@8bd1b6a]" name="testCreateCustomer" duration-ms="28" started-at="2021-03-12T12:00:30Z" finished-at="2021-03-12T12:00:30Z">
          <reporter-output>
            <line>
              <![CDATA[CreateCustomer]]>
            </line>
          </reporter-output>
        </test-method> <!-- testCreateCustomer -->
      </class> <!-- com.actitime.test.CustomerModule -->
    </test> <!-- Default test -->
  </suite> <!-- Default suite -->
</testng-results>
